info: Server started at http://localhost:3000/api/v1/ {"timestamp":"2023-09-25T06:21:19.687Z"}
info: Connected to the database. {"timestamp":"2023-09-25T06:21:22.179Z"}
info: Server started at http://localhost:3000/api/v1/ {"timestamp":"2023-09-25T06:23:46.368Z"}
error: Could not connect to the database. Invalid connection string {"name":"MongoParseError","stack":"MongoParseError: Invalid connection string\n    at parseConnectionString (D:\\cfp\\ProjectNode2\\Practice-ProjectNode2\\node_modules\\mongodb\\lib\\core\\uri_parser.js:585:21)\n    at connect (D:\\cfp\\ProjectNode2\\Practice-ProjectNode2\\node_modules\\mongodb\\lib\\operations\\connect.js:283:3)\n    at D:\\cfp\\ProjectNode2\\Practice-ProjectNode2\\node_modules\\mongodb\\lib\\mongo_client.js:284:5\n    at maybePromise (D:\\cfp\\ProjectNode2\\Practice-ProjectNode2\\node_modules\\mongodb\\lib\\utils.js:692:3)\n    at MongoClient.connect (D:\\cfp\\ProjectNode2\\Practice-ProjectNode2\\node_modules\\mongodb\\lib\\mongo_client.js:280:10)\n    at D:\\cfp\\ProjectNode2\\Practice-ProjectNode2\\node_modules\\mongoose\\lib\\connection.js:836:12\n    at new Promise (<anonymous>)\n    at NativeConnection.Connection.openUri (D:\\cfp\\ProjectNode2\\Practice-ProjectNode2\\node_modules\\mongoose\\lib\\connection.js:832:19)\n    at D:\\cfp\\ProjectNode2\\Practice-ProjectNode2\\node_modules\\mongoose\\lib\\index.js:351:10\n    at D:\\cfp\\ProjectNode2\\Practice-ProjectNode2\\node_modules\\mongoose\\lib\\helpers\\promiseOrCallback.js:32:5\n    at new Promise (<anonymous>)\n    at promiseOrCallback (D:\\cfp\\ProjectNode2\\Practice-ProjectNode2\\node_modules\\mongoose\\lib\\helpers\\promiseOrCallback.js:31:10)\n    at Mongoose._promiseOrCallback (D:\\cfp\\ProjectNode2\\Practice-ProjectNode2\\node_modules\\mongoose\\lib\\index.js:1149:10)\n    at Mongoose.connect (D:\\cfp\\ProjectNode2\\Practice-ProjectNode2\\node_modules\\mongoose\\lib\\index.js:350:20)\n    at _callee$ (D:\\cfp\\ProjectNode2\\Practice-ProjectNode2\\src\\config\\/database.js:12:20)\n    at tryCatch (D:\\cfp\\ProjectNode2\\Practice-ProjectNode2\\node_modules\\@babel\\runtime\\helpers\\regeneratorRuntime.js:45:16)\n    at Generator.<anonymous> (D:\\cfp\\ProjectNode2\\Practice-ProjectNode2\\node_modules\\@babel\\runtime\\helpers\\regeneratorRuntime.js:133:17)\n    at Generator.next (D:\\cfp\\ProjectNode2\\Practice-ProjectNode2\\node_modules\\@babel\\runtime\\helpers\\regeneratorRuntime.js:74:21)\n    at asyncGeneratorStep (D:\\cfp\\ProjectNode2\\Practice-ProjectNode2\\node_modules\\@babel\\runtime\\helpers\\asyncToGenerator.js:3:24)\n    at _next (D:\\cfp\\ProjectNode2\\Practice-ProjectNode2\\node_modules\\@babel\\runtime\\helpers\\asyncToGenerator.js:22:9)\n    at D:\\cfp\\ProjectNode2\\Practice-ProjectNode2\\node_modules\\@babel\\runtime\\helpers\\asyncToGenerator.js:27:7\n    at new Promise (<anonymous>)\n    at apply (D:\\cfp\\ProjectNode2\\Practice-ProjectNode2\\node_modules\\@babel\\runtime\\helpers\\asyncToGenerator.js:19:12)\n    at database (D:\\cfp\\ProjectNode2\\Practice-ProjectNode2\\src\\config\\/database.js:4:15)\n    at Object.<anonymous> (D:\\cfp\\ProjectNode2\\Practice-ProjectNode2\\src\\/index.js:30:9)\n    at Module._compile (node:internal/modules/cjs/loader:1256:14)\n    at Module._compile (D:\\cfp\\ProjectNode2\\Practice-ProjectNode2\\node_modules\\pirates\\lib\\index.js:117:24)\n    at Module._extensions..js (node:internal/modules/cjs/loader:1310:10)\n    at Object.newLoader [as .js] (D:\\cfp\\ProjectNode2\\Practice-ProjectNode2\\node_modules\\pirates\\lib\\index.js:121:7)\n    at Module.load (node:internal/modules/cjs/loader:1119:32)\n    at Function.Module._load (node:internal/modules/cjs/loader:960:12)\n    at Function.runMain (node:internal/modules/run_main:81:12)\n    at Object.<anonymous> (D:\\cfp\\ProjectNode2\\Practice-ProjectNode2\\node_modules\\@babel\\node\\src\\_babel-node.ts:222:12)\n    at Module._compile (node:internal/modules/cjs/loader:1256:14)\n    at Object.Module._extensions..js (node:internal/modules/cjs/loader:1310:10)\n    at Module.load (node:internal/modules/cjs/loader:1119:32)\n    at Function.Module._load (node:internal/modules/cjs/loader:960:12)\n    at Function.executeUserEntryPoint [as runMain] (node:internal/modules/run_main:81:12)\n    at node:internal/main/run_main_module:23:47","timestamp":"2023-09-25T06:23:46.380Z"}
info: Server started at http://localhost:3000/api/v1/ {"timestamp":"2023-09-25T06:25:59.029Z"}
error: Could not connect to the database. connect ECONNREFUSED ::1:27017 {"reason":{"commonWireVersion":null,"compatibilityError":null,"compatible":true,"heartbeatFrequencyMS":10000,"localThresholdMS":15,"logicalSessionTimeoutMinutes":null,"maxElectionId":null,"maxSetVersion":null,"servers":{},"setName":null,"stale":false,"type":"Single"},"stack":"MongooseServerSelectionError: connect ECONNREFUSED ::1:27017\n    at NativeConnection.Connection.openUri (D:\\cfp\\ProjectNode2\\Practice-ProjectNode2\\node_modules\\mongoose\\lib\\connection.js:847:32)\n    at D:\\cfp\\ProjectNode2\\Practice-ProjectNode2\\node_modules\\mongoose\\lib\\index.js:351:10\n    at D:\\cfp\\ProjectNode2\\Practice-ProjectNode2\\node_modules\\mongoose\\lib\\helpers\\promiseOrCallback.js:32:5\n    at new Promise (<anonymous>)\n    at promiseOrCallback (D:\\cfp\\ProjectNode2\\Practice-ProjectNode2\\node_modules\\mongoose\\lib\\helpers\\promiseOrCallback.js:31:10)\n    at Mongoose._promiseOrCallback (D:\\cfp\\ProjectNode2\\Practice-ProjectNode2\\node_modules\\mongoose\\lib\\index.js:1149:10)\n    at Mongoose.connect (D:\\cfp\\ProjectNode2\\Practice-ProjectNode2\\node_modules\\mongoose\\lib\\index.js:350:20)\n    at _callee$ (D:\\cfp\\ProjectNode2\\Practice-ProjectNode2\\src\\config\\/database.js:12:20)\n    at tryCatch (D:\\cfp\\ProjectNode2\\Practice-ProjectNode2\\node_modules\\@babel\\runtime\\helpers\\regeneratorRuntime.js:45:16)\n    at Generator.<anonymous> (D:\\cfp\\ProjectNode2\\Practice-ProjectNode2\\node_modules\\@babel\\runtime\\helpers\\regeneratorRuntime.js:133:17)\n    at Generator.next (D:\\cfp\\ProjectNode2\\Practice-ProjectNode2\\node_modules\\@babel\\runtime\\helpers\\regeneratorRuntime.js:74:21)\n    at asyncGeneratorStep (D:\\cfp\\ProjectNode2\\Practice-ProjectNode2\\node_modules\\@babel\\runtime\\helpers\\asyncToGenerator.js:3:24)\n    at _next (D:\\cfp\\ProjectNode2\\Practice-ProjectNode2\\node_modules\\@babel\\runtime\\helpers\\asyncToGenerator.js:22:9)\n    at D:\\cfp\\ProjectNode2\\Practice-ProjectNode2\\node_modules\\@babel\\runtime\\helpers\\asyncToGenerator.js:27:7\n    at new Promise (<anonymous>)\n    at apply (D:\\cfp\\ProjectNode2\\Practice-ProjectNode2\\node_modules\\@babel\\runtime\\helpers\\asyncToGenerator.js:19:12)\n    at database (D:\\cfp\\ProjectNode2\\Practice-ProjectNode2\\src\\config\\/database.js:4:15)\n    at Object.<anonymous> (D:\\cfp\\ProjectNode2\\Practice-ProjectNode2\\src\\/index.js:30:9)\n    at Module._compile (node:internal/modules/cjs/loader:1256:14)\n    at Module._compile (D:\\cfp\\ProjectNode2\\Practice-ProjectNode2\\node_modules\\pirates\\lib\\index.js:117:24)\n    at Module._extensions..js (node:internal/modules/cjs/loader:1310:10)\n    at Object.newLoader [as .js] (D:\\cfp\\ProjectNode2\\Practice-ProjectNode2\\node_modules\\pirates\\lib\\index.js:121:7)\n    at Module.load (node:internal/modules/cjs/loader:1119:32)\n    at Function.Module._load (node:internal/modules/cjs/loader:960:12)\n    at Function.runMain (node:internal/modules/run_main:81:12)\n    at Object.<anonymous> (D:\\cfp\\ProjectNode2\\Practice-ProjectNode2\\node_modules\\@babel\\node\\src\\_babel-node.ts:222:12)\n    at Module._compile (node:internal/modules/cjs/loader:1256:14)\n    at Object.Module._extensions..js (node:internal/modules/cjs/loader:1310:10)\n    at Module.load (node:internal/modules/cjs/loader:1119:32)\n    at Function.Module._load (node:internal/modules/cjs/loader:960:12)\n    at Function.executeUserEntryPoint [as runMain] (node:internal/modules/run_main:81:12)\n    at node:internal/main/run_main_module:23:47","timestamp":"2023-09-25T06:26:29.040Z"}
info: Server started at http://localhost:3000/api/v1/ {"timestamp":"2023-09-25T06:28:40.064Z"}
error: Could not connect to the database. connect ECONNREFUSED ::1:27017 {"reason":{"commonWireVersion":null,"compatibilityError":null,"compatible":true,"heartbeatFrequencyMS":10000,"localThresholdMS":15,"logicalSessionTimeoutMinutes":null,"maxElectionId":null,"maxSetVersion":null,"servers":{},"setName":null,"stale":false,"type":"Single"},"stack":"MongooseServerSelectionError: connect ECONNREFUSED ::1:27017\n    at NativeConnection.Connection.openUri (D:\\cfp\\ProjectNode2\\Practice-ProjectNode2\\node_modules\\mongoose\\lib\\connection.js:847:32)\n    at D:\\cfp\\ProjectNode2\\Practice-ProjectNode2\\node_modules\\mongoose\\lib\\index.js:351:10\n    at D:\\cfp\\ProjectNode2\\Practice-ProjectNode2\\node_modules\\mongoose\\lib\\helpers\\promiseOrCallback.js:32:5\n    at new Promise (<anonymous>)\n    at promiseOrCallback (D:\\cfp\\ProjectNode2\\Practice-ProjectNode2\\node_modules\\mongoose\\lib\\helpers\\promiseOrCallback.js:31:10)\n    at Mongoose._promiseOrCallback (D:\\cfp\\ProjectNode2\\Practice-ProjectNode2\\node_modules\\mongoose\\lib\\index.js:1149:10)\n    at Mongoose.connect (D:\\cfp\\ProjectNode2\\Practice-ProjectNode2\\node_modules\\mongoose\\lib\\index.js:350:20)\n    at _callee$ (D:\\cfp\\ProjectNode2\\Practice-ProjectNode2\\src\\config\\/database.js:12:20)\n    at tryCatch (D:\\cfp\\ProjectNode2\\Practice-ProjectNode2\\node_modules\\@babel\\runtime\\helpers\\regeneratorRuntime.js:45:16)\n    at Generator.<anonymous> (D:\\cfp\\ProjectNode2\\Practice-ProjectNode2\\node_modules\\@babel\\runtime\\helpers\\regeneratorRuntime.js:133:17)\n    at Generator.next (D:\\cfp\\ProjectNode2\\Practice-ProjectNode2\\node_modules\\@babel\\runtime\\helpers\\regeneratorRuntime.js:74:21)\n    at asyncGeneratorStep (D:\\cfp\\ProjectNode2\\Practice-ProjectNode2\\node_modules\\@babel\\runtime\\helpers\\asyncToGenerator.js:3:24)\n    at _next (D:\\cfp\\ProjectNode2\\Practice-ProjectNode2\\node_modules\\@babel\\runtime\\helpers\\asyncToGenerator.js:22:9)\n    at D:\\cfp\\ProjectNode2\\Practice-ProjectNode2\\node_modules\\@babel\\runtime\\helpers\\asyncToGenerator.js:27:7\n    at new Promise (<anonymous>)\n    at apply (D:\\cfp\\ProjectNode2\\Practice-ProjectNode2\\node_modules\\@babel\\runtime\\helpers\\asyncToGenerator.js:19:12)\n    at database (D:\\cfp\\ProjectNode2\\Practice-ProjectNode2\\src\\config\\/database.js:4:15)\n    at Object.<anonymous> (D:\\cfp\\ProjectNode2\\Practice-ProjectNode2\\src\\/index.js:30:9)\n    at Module._compile (node:internal/modules/cjs/loader:1256:14)\n    at Module._compile (D:\\cfp\\ProjectNode2\\Practice-ProjectNode2\\node_modules\\pirates\\lib\\index.js:117:24)\n    at Module._extensions..js (node:internal/modules/cjs/loader:1310:10)\n    at Object.newLoader [as .js] (D:\\cfp\\ProjectNode2\\Practice-ProjectNode2\\node_modules\\pirates\\lib\\index.js:121:7)\n    at Module.load (node:internal/modules/cjs/loader:1119:32)\n    at Function.Module._load (node:internal/modules/cjs/loader:960:12)\n    at Function.runMain (node:internal/modules/run_main:81:12)\n    at Object.<anonymous> (D:\\cfp\\ProjectNode2\\Practice-ProjectNode2\\node_modules\\@babel\\node\\src\\_babel-node.ts:222:12)\n    at Module._compile (node:internal/modules/cjs/loader:1256:14)\n    at Object.Module._extensions..js (node:internal/modules/cjs/loader:1310:10)\n    at Module.load (node:internal/modules/cjs/loader:1119:32)\n    at Function.Module._load (node:internal/modules/cjs/loader:960:12)\n    at Function.executeUserEntryPoint [as runMain] (node:internal/modules/run_main:81:12)\n    at node:internal/main/run_main_module:23:47","timestamp":"2023-09-25T06:29:10.083Z"}
info: Server started at http://localhost:3000/api/v1/ {"timestamp":"2023-09-25T06:30:28.827Z"}
info: Connected to the database. {"timestamp":"2023-09-25T06:30:31.042Z"}
info: Server started at http://localhost:3000/api/v1/ {"timestamp":"2023-09-25T06:37:11.859Z"}
info: Connected to the database. {"timestamp":"2023-09-25T06:37:14.626Z"}
info: Server started at http://localhost:3000/api/v1/ {"timestamp":"2023-09-25T07:45:39.994Z"}
info: Connected to the database. {"timestamp":"2023-09-25T07:45:42.081Z"}
error: 
    status - 500 
    message - ValidationError: "name" is required 
    url - /api/v1/users 
    method - POST 
    IP - ::1
   {"timestamp":"2023-09-25T07:50:39.320Z"}
info: Server started at http://localhost:3000/api/v1/ {"timestamp":"2023-09-25T09:27:34.303Z"}
info: Connected to the database. {"timestamp":"2023-09-25T09:27:34.355Z"}
info: Server started at http://localhost:3000/api/v1/ {"timestamp":"2023-09-25T11:08:12.603Z"}
info: Connected to the database. {"timestamp":"2023-09-25T11:08:12.700Z"}
info: Server started at http://localhost:3000/api/v1/ {"timestamp":"2023-09-25T11:08:39.335Z"}
info: Connected to the database. {"timestamp":"2023-09-25T11:08:39.365Z"}
error: 
    status - 500 
    message - ValidationError: "name" length must be at least 4 characters long 
    url - /api/v1/users 
    method - POST 
    IP - ::1
   {"timestamp":"2023-09-25T11:14:51.507Z"}
info: Server started at http://localhost:3000/api/v1/ {"timestamp":"2023-09-25T11:15:50.465Z"}
info: Connected to the database. {"timestamp":"2023-09-25T11:15:50.485Z"}
info: Server started at http://localhost:3000/api/v1/ {"timestamp":"2023-09-25T12:07:56.547Z"}
info: Connected to the database. {"timestamp":"2023-09-25T12:07:56.599Z"}
info: Server started at http://localhost:3000/api/v1/ {"timestamp":"2023-09-25T12:52:42.129Z"}
info: Connected to the database. {"timestamp":"2023-09-25T12:52:42.192Z"}
info: Server started at http://localhost:3000/api/v1/ {"timestamp":"2023-09-25T12:53:21.573Z"}
info: Connected to the database. {"timestamp":"2023-09-25T12:53:21.600Z"}
error: 
    status - 500 
    message - ValidationError: "LastName" is not allowed 
    url - /api/v1/users 
    method - POST 
    IP - ::1
   {"timestamp":"2023-09-25T12:54:24.791Z"}
info: Server started at http://localhost:3000/api/v1/ {"timestamp":"2023-09-25T12:57:03.839Z"}
info: Connected to the database. {"timestamp":"2023-09-25T12:57:03.869Z"}
error: 
    status - 500 
    message - ValidationError: "LastName" is not allowed 
    url - /api/v1/users 
    method - POST 
    IP - ::1
   {"timestamp":"2023-09-25T12:57:10.075Z"}
info: Server started at http://localhost:3000/api/v1/ {"timestamp":"2023-09-25T12:57:36.128Z"}
info: Connected to the database. {"timestamp":"2023-09-25T12:57:36.193Z"}
info: Server started at http://localhost:3000/api/v1/ {"timestamp":"2023-09-25T12:58:33.667Z"}
info: Connected to the database. {"timestamp":"2023-09-25T12:58:33.698Z"}
