error: Could not connect to the database. Invalid connection string {"name":"MongoParseError","stack":"MongoParseError: Invalid connection string\n    at parseConnectionString (D:\\cfp\\ProjectNode2\\Practice-ProjectNode2\\node_modules\\mongodb\\lib\\core\\uri_parser.js:585:21)\n    at connect (D:\\cfp\\ProjectNode2\\Practice-ProjectNode2\\node_modules\\mongodb\\lib\\operations\\connect.js:283:3)\n    at D:\\cfp\\ProjectNode2\\Practice-ProjectNode2\\node_modules\\mongodb\\lib\\mongo_client.js:284:5\n    at maybePromise (D:\\cfp\\ProjectNode2\\Practice-ProjectNode2\\node_modules\\mongodb\\lib\\utils.js:692:3)\n    at MongoClient.connect (D:\\cfp\\ProjectNode2\\Practice-ProjectNode2\\node_modules\\mongodb\\lib\\mongo_client.js:280:10)\n    at D:\\cfp\\ProjectNode2\\Practice-ProjectNode2\\node_modules\\mongoose\\lib\\connection.js:836:12\n    at new Promise (<anonymous>)\n    at NativeConnection.Connection.openUri (D:\\cfp\\ProjectNode2\\Practice-ProjectNode2\\node_modules\\mongoose\\lib\\connection.js:832:19)\n    at D:\\cfp\\ProjectNode2\\Practice-ProjectNode2\\node_modules\\mongoose\\lib\\index.js:351:10\n    at D:\\cfp\\ProjectNode2\\Practice-ProjectNode2\\node_modules\\mongoose\\lib\\helpers\\promiseOrCallback.js:32:5\n    at new Promise (<anonymous>)\n    at promiseOrCallback (D:\\cfp\\ProjectNode2\\Practice-ProjectNode2\\node_modules\\mongoose\\lib\\helpers\\promiseOrCallback.js:31:10)\n    at Mongoose._promiseOrCallback (D:\\cfp\\ProjectNode2\\Practice-ProjectNode2\\node_modules\\mongoose\\lib\\index.js:1149:10)\n    at Mongoose.connect (D:\\cfp\\ProjectNode2\\Practice-ProjectNode2\\node_modules\\mongoose\\lib\\index.js:350:20)\n    at _callee$ (D:\\cfp\\ProjectNode2\\Practice-ProjectNode2\\src\\config\\/database.js:12:20)\n    at tryCatch (D:\\cfp\\ProjectNode2\\Practice-ProjectNode2\\node_modules\\@babel\\runtime\\helpers\\regeneratorRuntime.js:45:16)\n    at Generator.<anonymous> (D:\\cfp\\ProjectNode2\\Practice-ProjectNode2\\node_modules\\@babel\\runtime\\helpers\\regeneratorRuntime.js:133:17)\n    at Generator.next (D:\\cfp\\ProjectNode2\\Practice-ProjectNode2\\node_modules\\@babel\\runtime\\helpers\\regeneratorRuntime.js:74:21)\n    at asyncGeneratorStep (D:\\cfp\\ProjectNode2\\Practice-ProjectNode2\\node_modules\\@babel\\runtime\\helpers\\asyncToGenerator.js:3:24)\n    at _next (D:\\cfp\\ProjectNode2\\Practice-ProjectNode2\\node_modules\\@babel\\runtime\\helpers\\asyncToGenerator.js:22:9)\n    at D:\\cfp\\ProjectNode2\\Practice-ProjectNode2\\node_modules\\@babel\\runtime\\helpers\\asyncToGenerator.js:27:7\n    at new Promise (<anonymous>)\n    at apply (D:\\cfp\\ProjectNode2\\Practice-ProjectNode2\\node_modules\\@babel\\runtime\\helpers\\asyncToGenerator.js:19:12)\n    at database (D:\\cfp\\ProjectNode2\\Practice-ProjectNode2\\src\\config\\/database.js:4:15)\n    at Object.<anonymous> (D:\\cfp\\ProjectNode2\\Practice-ProjectNode2\\src\\/index.js:30:9)\n    at Module._compile (node:internal/modules/cjs/loader:1256:14)\n    at Module._compile (D:\\cfp\\ProjectNode2\\Practice-ProjectNode2\\node_modules\\pirates\\lib\\index.js:117:24)\n    at Module._extensions..js (node:internal/modules/cjs/loader:1310:10)\n    at Object.newLoader [as .js] (D:\\cfp\\ProjectNode2\\Practice-ProjectNode2\\node_modules\\pirates\\lib\\index.js:121:7)\n    at Module.load (node:internal/modules/cjs/loader:1119:32)\n    at Function.Module._load (node:internal/modules/cjs/loader:960:12)\n    at Function.runMain (node:internal/modules/run_main:81:12)\n    at Object.<anonymous> (D:\\cfp\\ProjectNode2\\Practice-ProjectNode2\\node_modules\\@babel\\node\\src\\_babel-node.ts:222:12)\n    at Module._compile (node:internal/modules/cjs/loader:1256:14)\n    at Object.Module._extensions..js (node:internal/modules/cjs/loader:1310:10)\n    at Module.load (node:internal/modules/cjs/loader:1119:32)\n    at Function.Module._load (node:internal/modules/cjs/loader:960:12)\n    at Function.executeUserEntryPoint [as runMain] (node:internal/modules/run_main:81:12)\n    at node:internal/main/run_main_module:23:47","timestamp":"2023-09-25T06:23:46.380Z"}
error: Could not connect to the database. connect ECONNREFUSED ::1:27017 {"reason":{"commonWireVersion":null,"compatibilityError":null,"compatible":true,"heartbeatFrequencyMS":10000,"localThresholdMS":15,"logicalSessionTimeoutMinutes":null,"maxElectionId":null,"maxSetVersion":null,"servers":{},"setName":null,"stale":false,"type":"Single"},"stack":"MongooseServerSelectionError: connect ECONNREFUSED ::1:27017\n    at NativeConnection.Connection.openUri (D:\\cfp\\ProjectNode2\\Practice-ProjectNode2\\node_modules\\mongoose\\lib\\connection.js:847:32)\n    at D:\\cfp\\ProjectNode2\\Practice-ProjectNode2\\node_modules\\mongoose\\lib\\index.js:351:10\n    at D:\\cfp\\ProjectNode2\\Practice-ProjectNode2\\node_modules\\mongoose\\lib\\helpers\\promiseOrCallback.js:32:5\n    at new Promise (<anonymous>)\n    at promiseOrCallback (D:\\cfp\\ProjectNode2\\Practice-ProjectNode2\\node_modules\\mongoose\\lib\\helpers\\promiseOrCallback.js:31:10)\n    at Mongoose._promiseOrCallback (D:\\cfp\\ProjectNode2\\Practice-ProjectNode2\\node_modules\\mongoose\\lib\\index.js:1149:10)\n    at Mongoose.connect (D:\\cfp\\ProjectNode2\\Practice-ProjectNode2\\node_modules\\mongoose\\lib\\index.js:350:20)\n    at _callee$ (D:\\cfp\\ProjectNode2\\Practice-ProjectNode2\\src\\config\\/database.js:12:20)\n    at tryCatch (D:\\cfp\\ProjectNode2\\Practice-ProjectNode2\\node_modules\\@babel\\runtime\\helpers\\regeneratorRuntime.js:45:16)\n    at Generator.<anonymous> (D:\\cfp\\ProjectNode2\\Practice-ProjectNode2\\node_modules\\@babel\\runtime\\helpers\\regeneratorRuntime.js:133:17)\n    at Generator.next (D:\\cfp\\ProjectNode2\\Practice-ProjectNode2\\node_modules\\@babel\\runtime\\helpers\\regeneratorRuntime.js:74:21)\n    at asyncGeneratorStep (D:\\cfp\\ProjectNode2\\Practice-ProjectNode2\\node_modules\\@babel\\runtime\\helpers\\asyncToGenerator.js:3:24)\n    at _next (D:\\cfp\\ProjectNode2\\Practice-ProjectNode2\\node_modules\\@babel\\runtime\\helpers\\asyncToGenerator.js:22:9)\n    at D:\\cfp\\ProjectNode2\\Practice-ProjectNode2\\node_modules\\@babel\\runtime\\helpers\\asyncToGenerator.js:27:7\n    at new Promise (<anonymous>)\n    at apply (D:\\cfp\\ProjectNode2\\Practice-ProjectNode2\\node_modules\\@babel\\runtime\\helpers\\asyncToGenerator.js:19:12)\n    at database (D:\\cfp\\ProjectNode2\\Practice-ProjectNode2\\src\\config\\/database.js:4:15)\n    at Object.<anonymous> (D:\\cfp\\ProjectNode2\\Practice-ProjectNode2\\src\\/index.js:30:9)\n    at Module._compile (node:internal/modules/cjs/loader:1256:14)\n    at Module._compile (D:\\cfp\\ProjectNode2\\Practice-ProjectNode2\\node_modules\\pirates\\lib\\index.js:117:24)\n    at Module._extensions..js (node:internal/modules/cjs/loader:1310:10)\n    at Object.newLoader [as .js] (D:\\cfp\\ProjectNode2\\Practice-ProjectNode2\\node_modules\\pirates\\lib\\index.js:121:7)\n    at Module.load (node:internal/modules/cjs/loader:1119:32)\n    at Function.Module._load (node:internal/modules/cjs/loader:960:12)\n    at Function.runMain (node:internal/modules/run_main:81:12)\n    at Object.<anonymous> (D:\\cfp\\ProjectNode2\\Practice-ProjectNode2\\node_modules\\@babel\\node\\src\\_babel-node.ts:222:12)\n    at Module._compile (node:internal/modules/cjs/loader:1256:14)\n    at Object.Module._extensions..js (node:internal/modules/cjs/loader:1310:10)\n    at Module.load (node:internal/modules/cjs/loader:1119:32)\n    at Function.Module._load (node:internal/modules/cjs/loader:960:12)\n    at Function.executeUserEntryPoint [as runMain] (node:internal/modules/run_main:81:12)\n    at node:internal/main/run_main_module:23:47","timestamp":"2023-09-25T06:26:29.040Z"}
error: Could not connect to the database. connect ECONNREFUSED ::1:27017 {"reason":{"commonWireVersion":null,"compatibilityError":null,"compatible":true,"heartbeatFrequencyMS":10000,"localThresholdMS":15,"logicalSessionTimeoutMinutes":null,"maxElectionId":null,"maxSetVersion":null,"servers":{},"setName":null,"stale":false,"type":"Single"},"stack":"MongooseServerSelectionError: connect ECONNREFUSED ::1:27017\n    at NativeConnection.Connection.openUri (D:\\cfp\\ProjectNode2\\Practice-ProjectNode2\\node_modules\\mongoose\\lib\\connection.js:847:32)\n    at D:\\cfp\\ProjectNode2\\Practice-ProjectNode2\\node_modules\\mongoose\\lib\\index.js:351:10\n    at D:\\cfp\\ProjectNode2\\Practice-ProjectNode2\\node_modules\\mongoose\\lib\\helpers\\promiseOrCallback.js:32:5\n    at new Promise (<anonymous>)\n    at promiseOrCallback (D:\\cfp\\ProjectNode2\\Practice-ProjectNode2\\node_modules\\mongoose\\lib\\helpers\\promiseOrCallback.js:31:10)\n    at Mongoose._promiseOrCallback (D:\\cfp\\ProjectNode2\\Practice-ProjectNode2\\node_modules\\mongoose\\lib\\index.js:1149:10)\n    at Mongoose.connect (D:\\cfp\\ProjectNode2\\Practice-ProjectNode2\\node_modules\\mongoose\\lib\\index.js:350:20)\n    at _callee$ (D:\\cfp\\ProjectNode2\\Practice-ProjectNode2\\src\\config\\/database.js:12:20)\n    at tryCatch (D:\\cfp\\ProjectNode2\\Practice-ProjectNode2\\node_modules\\@babel\\runtime\\helpers\\regeneratorRuntime.js:45:16)\n    at Generator.<anonymous> (D:\\cfp\\ProjectNode2\\Practice-ProjectNode2\\node_modules\\@babel\\runtime\\helpers\\regeneratorRuntime.js:133:17)\n    at Generator.next (D:\\cfp\\ProjectNode2\\Practice-ProjectNode2\\node_modules\\@babel\\runtime\\helpers\\regeneratorRuntime.js:74:21)\n    at asyncGeneratorStep (D:\\cfp\\ProjectNode2\\Practice-ProjectNode2\\node_modules\\@babel\\runtime\\helpers\\asyncToGenerator.js:3:24)\n    at _next (D:\\cfp\\ProjectNode2\\Practice-ProjectNode2\\node_modules\\@babel\\runtime\\helpers\\asyncToGenerator.js:22:9)\n    at D:\\cfp\\ProjectNode2\\Practice-ProjectNode2\\node_modules\\@babel\\runtime\\helpers\\asyncToGenerator.js:27:7\n    at new Promise (<anonymous>)\n    at apply (D:\\cfp\\ProjectNode2\\Practice-ProjectNode2\\node_modules\\@babel\\runtime\\helpers\\asyncToGenerator.js:19:12)\n    at database (D:\\cfp\\ProjectNode2\\Practice-ProjectNode2\\src\\config\\/database.js:4:15)\n    at Object.<anonymous> (D:\\cfp\\ProjectNode2\\Practice-ProjectNode2\\src\\/index.js:30:9)\n    at Module._compile (node:internal/modules/cjs/loader:1256:14)\n    at Module._compile (D:\\cfp\\ProjectNode2\\Practice-ProjectNode2\\node_modules\\pirates\\lib\\index.js:117:24)\n    at Module._extensions..js (node:internal/modules/cjs/loader:1310:10)\n    at Object.newLoader [as .js] (D:\\cfp\\ProjectNode2\\Practice-ProjectNode2\\node_modules\\pirates\\lib\\index.js:121:7)\n    at Module.load (node:internal/modules/cjs/loader:1119:32)\n    at Function.Module._load (node:internal/modules/cjs/loader:960:12)\n    at Function.runMain (node:internal/modules/run_main:81:12)\n    at Object.<anonymous> (D:\\cfp\\ProjectNode2\\Practice-ProjectNode2\\node_modules\\@babel\\node\\src\\_babel-node.ts:222:12)\n    at Module._compile (node:internal/modules/cjs/loader:1256:14)\n    at Object.Module._extensions..js (node:internal/modules/cjs/loader:1310:10)\n    at Module.load (node:internal/modules/cjs/loader:1119:32)\n    at Function.Module._load (node:internal/modules/cjs/loader:960:12)\n    at Function.executeUserEntryPoint [as runMain] (node:internal/modules/run_main:81:12)\n    at node:internal/main/run_main_module:23:47","timestamp":"2023-09-25T06:29:10.083Z"}
error: 
    status - 500 
    message - ValidationError: "name" is required 
    url - /api/v1/users 
    method - POST 
    IP - ::1
   {"timestamp":"2023-09-25T07:50:39.320Z"}
error: 
    status - 500 
    message - ValidationError: "name" length must be at least 4 characters long 
    url - /api/v1/users 
    method - POST 
    IP - ::1
   {"timestamp":"2023-09-25T11:14:51.507Z"}
error: 
    status - 500 
    message - ValidationError: "LastName" is not allowed 
    url - /api/v1/users 
    method - POST 
    IP - ::1
   {"timestamp":"2023-09-25T12:54:24.791Z"}
error: 
    status - 500 
    message - ValidationError: "LastName" is not allowed 
    url - /api/v1/users 
    method - POST 
    IP - ::1
   {"timestamp":"2023-09-25T12:57:10.075Z"}
error: uncaughtException: Router.use() requires a middleware function but got a Object
TypeError: Router.use() requires a middleware function but got a Object
    at Function.use (D:\cfp\ProjectNode2\Practice-ProjectNode2\node_modules\express\lib\router\index.js:469:13)
    at routes (D:\cfp\ProjectNode2\Practice-ProjectNode2\src\routes\/index.js:14:10)
    at Object.<anonymous> (D:\cfp\ProjectNode2\Practice-ProjectNode2\src\/index.js:32:38)
    at Module._compile (node:internal/modules/cjs/loader:1256:14)
    at Module._compile (D:\cfp\ProjectNode2\Practice-ProjectNode2\node_modules\pirates\lib\index.js:117:24)
    at Module._extensions..js (node:internal/modules/cjs/loader:1310:10)
    at Object.newLoader [as .js] (D:\cfp\ProjectNode2\Practice-ProjectNode2\node_modules\pirates\lib\index.js:121:7)
    at Module.load (node:internal/modules/cjs/loader:1119:32)
    at Function.Module._load (node:internal/modules/cjs/loader:960:12)
    at Function.runMain (node:internal/modules/run_main:81:12)
    at Object.<anonymous> (D:\cfp\ProjectNode2\Practice-ProjectNode2\node_modules\@babel\node\src\_babel-node.ts:222:12)
    at Module._compile (node:internal/modules/cjs/loader:1256:14)
    at Object.Module._extensions..js (node:internal/modules/cjs/loader:1310:10)
    at Module.load (node:internal/modules/cjs/loader:1119:32)
    at Function.Module._load (node:internal/modules/cjs/loader:960:12)
    at Function.executeUserEntryPoint [as runMain] (node:internal/modules/run_main:81:12)
    at node:internal/main/run_main_module:23:47 {"date":"Tue Sep 26 2023 11:19:03 GMT+0530 (India Standard Time)","error":{},"exception":true,"os":{"loadavg":[0,0,0],"uptime":145902.843},"process":{"argv":["node","D:\\cfp\\ProjectNode2\\Practice-ProjectNode2\\src\\index.js"],"cwd":"D:\\cfp\\ProjectNode2\\Practice-ProjectNode2","execPath":"C:\\Program Files\\nodejs\\node.exe","gid":null,"memoryUsage":{"arrayBuffers":18748615,"external":20266563,"heapTotal":93609984,"heapUsed":53963696,"rss":131072000},"pid":13236,"uid":null,"version":"v18.16.1"},"stack":"TypeError: Router.use() requires a middleware function but got a Object\n    at Function.use (D:\\cfp\\ProjectNode2\\Practice-ProjectNode2\\node_modules\\express\\lib\\router\\index.js:469:13)\n    at routes (D:\\cfp\\ProjectNode2\\Practice-ProjectNode2\\src\\routes\\/index.js:14:10)\n    at Object.<anonymous> (D:\\cfp\\ProjectNode2\\Practice-ProjectNode2\\src\\/index.js:32:38)\n    at Module._compile (node:internal/modules/cjs/loader:1256:14)\n    at Module._compile (D:\\cfp\\ProjectNode2\\Practice-ProjectNode2\\node_modules\\pirates\\lib\\index.js:117:24)\n    at Module._extensions..js (node:internal/modules/cjs/loader:1310:10)\n    at Object.newLoader [as .js] (D:\\cfp\\ProjectNode2\\Practice-ProjectNode2\\node_modules\\pirates\\lib\\index.js:121:7)\n    at Module.load (node:internal/modules/cjs/loader:1119:32)\n    at Function.Module._load (node:internal/modules/cjs/loader:960:12)\n    at Function.runMain (node:internal/modules/run_main:81:12)\n    at Object.<anonymous> (D:\\cfp\\ProjectNode2\\Practice-ProjectNode2\\node_modules\\@babel\\node\\src\\_babel-node.ts:222:12)\n    at Module._compile (node:internal/modules/cjs/loader:1256:14)\n    at Object.Module._extensions..js (node:internal/modules/cjs/loader:1310:10)\n    at Module.load (node:internal/modules/cjs/loader:1119:32)\n    at Function.Module._load (node:internal/modules/cjs/loader:960:12)\n    at Function.executeUserEntryPoint [as runMain] (node:internal/modules/run_main:81:12)\n    at node:internal/main/run_main_module:23:47","timestamp":"2023-09-26T05:49:03.823Z","trace":[{"column":13,"file":"D:\\cfp\\ProjectNode2\\Practice-ProjectNode2\\node_modules\\express\\lib\\router\\index.js","function":"Function.use","line":469,"method":"use","native":false},{"column":10,"file":"D:\\cfp\\ProjectNode2\\Practice-ProjectNode2\\src\\routes\\/index.js","function":"routes","line":14,"method":null,"native":false},{"column":38,"file":"D:\\cfp\\ProjectNode2\\Practice-ProjectNode2\\src\\/index.js","function":null,"line":32,"method":null,"native":false},{"column":14,"file":"node:internal/modules/cjs/loader","function":"Module._compile","line":1256,"method":"_compile","native":false},{"column":24,"file":"D:\\cfp\\ProjectNode2\\Practice-ProjectNode2\\node_modules\\pirates\\lib\\index.js","function":"Module._compile","line":117,"method":"_compile","native":false},{"column":10,"file":"node:internal/modules/cjs/loader","function":"Module._extensions..js","line":1310,"method":".js","native":false},{"column":7,"file":"D:\\cfp\\ProjectNode2\\Practice-ProjectNode2\\node_modules\\pirates\\lib\\index.js","function":"Object.newLoader [as .js]","line":121,"method":"js]","native":false},{"column":32,"file":"node:internal/modules/cjs/loader","function":"Module.load","line":1119,"method":"load","native":false},{"column":12,"file":"node:internal/modules/cjs/loader","function":"Module._load","line":960,"method":"_load","native":false},{"column":12,"file":"node:internal/modules/run_main","function":"Function.runMain","line":81,"method":"runMain","native":false},{"column":12,"file":"D:\\cfp\\ProjectNode2\\Practice-ProjectNode2\\node_modules\\@babel\\node\\src\\_babel-node.ts","function":null,"line":222,"method":null,"native":false},{"column":14,"file":"node:internal/modules/cjs/loader","function":"Module._compile","line":1256,"method":"_compile","native":false},{"column":10,"file":"node:internal/modules/cjs/loader","function":"Module._extensions..js","line":1310,"method":".js","native":false},{"column":32,"file":"node:internal/modules/cjs/loader","function":"Module.load","line":1119,"method":"load","native":false},{"column":12,"file":"node:internal/modules/cjs/loader","function":"Module._load","line":960,"method":"_load","native":false},{"column":12,"file":"node:internal/modules/run_main","function":"Function.executeUserEntryPoint [as runMain]","line":81,"method":"executeUserEntryPoint [as runMain]","native":false},{"column":47,"file":"node:internal/main/run_main_module","function":null,"line":23,"method":null,"native":false}]}
error: uncaughtException: Router.use() requires a middleware function but got a Object
TypeError: Router.use() requires a middleware function but got a Object
    at Function.use (D:\cfp\ProjectNode2\Practice-ProjectNode2\node_modules\express\lib\router\index.js:469:13)
    at routes (D:\cfp\ProjectNode2\Practice-ProjectNode2\src\routes\/index.js:14:10)
    at Object.<anonymous> (D:\cfp\ProjectNode2\Practice-ProjectNode2\src\/index.js:32:38)
    at Module._compile (node:internal/modules/cjs/loader:1256:14)
    at Module._compile (D:\cfp\ProjectNode2\Practice-ProjectNode2\node_modules\pirates\lib\index.js:117:24)
    at Module._extensions..js (node:internal/modules/cjs/loader:1310:10)
    at Object.newLoader [as .js] (D:\cfp\ProjectNode2\Practice-ProjectNode2\node_modules\pirates\lib\index.js:121:7)
    at Module.load (node:internal/modules/cjs/loader:1119:32)
    at Function.Module._load (node:internal/modules/cjs/loader:960:12)
    at Function.runMain (node:internal/modules/run_main:81:12)
    at Object.<anonymous> (D:\cfp\ProjectNode2\Practice-ProjectNode2\node_modules\@babel\node\src\_babel-node.ts:222:12)
    at Module._compile (node:internal/modules/cjs/loader:1256:14)
    at Object.Module._extensions..js (node:internal/modules/cjs/loader:1310:10)
    at Module.load (node:internal/modules/cjs/loader:1119:32)
    at Function.Module._load (node:internal/modules/cjs/loader:960:12)
    at Function.executeUserEntryPoint [as runMain] (node:internal/modules/run_main:81:12)
    at node:internal/main/run_main_module:23:47 {"date":"Tue Sep 26 2023 11:21:17 GMT+0530 (India Standard Time)","error":{},"exception":true,"os":{"loadavg":[0,0,0],"uptime":146036.562},"process":{"argv":["node","D:\\cfp\\ProjectNode2\\Practice-ProjectNode2\\src\\index.js"],"cwd":"D:\\cfp\\ProjectNode2\\Practice-ProjectNode2","execPath":"C:\\Program Files\\nodejs\\node.exe","gid":null,"memoryUsage":{"arrayBuffers":18848014,"external":20365962,"heapTotal":93085696,"heapUsed":52732032,"rss":132165632},"pid":9012,"uid":null,"version":"v18.16.1"},"stack":"TypeError: Router.use() requires a middleware function but got a Object\n    at Function.use (D:\\cfp\\ProjectNode2\\Practice-ProjectNode2\\node_modules\\express\\lib\\router\\index.js:469:13)\n    at routes (D:\\cfp\\ProjectNode2\\Practice-ProjectNode2\\src\\routes\\/index.js:14:10)\n    at Object.<anonymous> (D:\\cfp\\ProjectNode2\\Practice-ProjectNode2\\src\\/index.js:32:38)\n    at Module._compile (node:internal/modules/cjs/loader:1256:14)\n    at Module._compile (D:\\cfp\\ProjectNode2\\Practice-ProjectNode2\\node_modules\\pirates\\lib\\index.js:117:24)\n    at Module._extensions..js (node:internal/modules/cjs/loader:1310:10)\n    at Object.newLoader [as .js] (D:\\cfp\\ProjectNode2\\Practice-ProjectNode2\\node_modules\\pirates\\lib\\index.js:121:7)\n    at Module.load (node:internal/modules/cjs/loader:1119:32)\n    at Function.Module._load (node:internal/modules/cjs/loader:960:12)\n    at Function.runMain (node:internal/modules/run_main:81:12)\n    at Object.<anonymous> (D:\\cfp\\ProjectNode2\\Practice-ProjectNode2\\node_modules\\@babel\\node\\src\\_babel-node.ts:222:12)\n    at Module._compile (node:internal/modules/cjs/loader:1256:14)\n    at Object.Module._extensions..js (node:internal/modules/cjs/loader:1310:10)\n    at Module.load (node:internal/modules/cjs/loader:1119:32)\n    at Function.Module._load (node:internal/modules/cjs/loader:960:12)\n    at Function.executeUserEntryPoint [as runMain] (node:internal/modules/run_main:81:12)\n    at node:internal/main/run_main_module:23:47","timestamp":"2023-09-26T05:51:17.547Z","trace":[{"column":13,"file":"D:\\cfp\\ProjectNode2\\Practice-ProjectNode2\\node_modules\\express\\lib\\router\\index.js","function":"Function.use","line":469,"method":"use","native":false},{"column":10,"file":"D:\\cfp\\ProjectNode2\\Practice-ProjectNode2\\src\\routes\\/index.js","function":"routes","line":14,"method":null,"native":false},{"column":38,"file":"D:\\cfp\\ProjectNode2\\Practice-ProjectNode2\\src\\/index.js","function":null,"line":32,"method":null,"native":false},{"column":14,"file":"node:internal/modules/cjs/loader","function":"Module._compile","line":1256,"method":"_compile","native":false},{"column":24,"file":"D:\\cfp\\ProjectNode2\\Practice-ProjectNode2\\node_modules\\pirates\\lib\\index.js","function":"Module._compile","line":117,"method":"_compile","native":false},{"column":10,"file":"node:internal/modules/cjs/loader","function":"Module._extensions..js","line":1310,"method":".js","native":false},{"column":7,"file":"D:\\cfp\\ProjectNode2\\Practice-ProjectNode2\\node_modules\\pirates\\lib\\index.js","function":"Object.newLoader [as .js]","line":121,"method":"js]","native":false},{"column":32,"file":"node:internal/modules/cjs/loader","function":"Module.load","line":1119,"method":"load","native":false},{"column":12,"file":"node:internal/modules/cjs/loader","function":"Module._load","line":960,"method":"_load","native":false},{"column":12,"file":"node:internal/modules/run_main","function":"Function.runMain","line":81,"method":"runMain","native":false},{"column":12,"file":"D:\\cfp\\ProjectNode2\\Practice-ProjectNode2\\node_modules\\@babel\\node\\src\\_babel-node.ts","function":null,"line":222,"method":null,"native":false},{"column":14,"file":"node:internal/modules/cjs/loader","function":"Module._compile","line":1256,"method":"_compile","native":false},{"column":10,"file":"node:internal/modules/cjs/loader","function":"Module._extensions..js","line":1310,"method":".js","native":false},{"column":32,"file":"node:internal/modules/cjs/loader","function":"Module.load","line":1119,"method":"load","native":false},{"column":12,"file":"node:internal/modules/cjs/loader","function":"Module._load","line":960,"method":"_load","native":false},{"column":12,"file":"node:internal/modules/run_main","function":"Function.executeUserEntryPoint [as runMain]","line":81,"method":"executeUserEntryPoint [as runMain]","native":false},{"column":47,"file":"node:internal/main/run_main_module","function":null,"line":23,"method":null,"native":false}]}
error: 
    status - 500 
    message - ValidationError: "name" length must be at least 4 characters long 
    url - /api/v1/users 
    method - POST 
    IP - ::1
   {"timestamp":"2023-09-26T06:03:39.920Z"}
error: 
    status - 500 
    message - CastError: Cast to ObjectId failed for value "{ _id: undefined }" (type Object) at path "_id" for model "User"
    at model.Query.exec (D:\cfp\ProjectNode2\Practice-ProjectNode2\node_modules\mongoose\lib\query.js:4498:21)
    at model.Query.Query.then (D:\cfp\ProjectNode2\Practice-ProjectNode2\node_modules\mongoose\lib\query.js:4592:15)
    at processTicksAndRejections (node:internal/process/task_queues:95:5) 
    url - /api/v1/users/id 
    method - PUT 
    IP - ::1
   {"timestamp":"2023-09-26T08:40:53.892Z"}
error: 
    status - 500 
    message - CastError: Cast to ObjectId failed for value "{ _id: ':_id' }" (type Object) at path "_id" for model "User"
    at model.Query.exec (D:\cfp\ProjectNode2\Practice-ProjectNode2\node_modules\mongoose\lib\query.js:4498:21)
    at model.Query.Query.then (D:\cfp\ProjectNode2\Practice-ProjectNode2\node_modules\mongoose\lib\query.js:4592:15)
    at processTicksAndRejections (node:internal/process/task_queues:95:5) 
    url - /api/v1/users//:_id 
    method - PUT 
    IP - ::1
   {"timestamp":"2023-09-26T08:42:14.557Z"}
error: 
    status - 500 
    message - CastError: Cast to ObjectId failed for value "{ _id: ':_id' }" (type Object) at path "_id" for model "User"
    at model.Query.exec (D:\cfp\ProjectNode2\Practice-ProjectNode2\node_modules\mongoose\lib\query.js:4498:21)
    at model.Query.Query.then (D:\cfp\ProjectNode2\Practice-ProjectNode2\node_modules\mongoose\lib\query.js:4592:15)
    at processTicksAndRejections (node:internal/process/task_queues:95:5) 
    url - /api/v1/users/:_id 
    method - PUT 
    IP - ::1
   {"timestamp":"2023-09-26T08:42:34.256Z"}
error: 
    status - 500 
    message - CastError: Cast to ObjectId failed for value "{ _id: '_id: "651152a25dcdc226d4d8febc"' }" (type Object) at path "_id" for model "User"
    at model.Query.exec (D:\cfp\ProjectNode2\Practice-ProjectNode2\node_modules\mongoose\lib\query.js:4498:21)
    at model.Query.Query.then (D:\cfp\ProjectNode2\Practice-ProjectNode2\node_modules\mongoose\lib\query.js:4592:15)
    at processTicksAndRejections (node:internal/process/task_queues:95:5) 
    url - /api/v1/users/_id:%20%22651152a25dcdc226d4d8febc%22 
    method - PUT 
    IP - ::1
   {"timestamp":"2023-09-26T08:45:38.855Z"}
error: 
    status - 500 
    message - CastError: Cast to ObjectId failed for value "{ _id: undefined }" (type Object) at path "_id" for model "User"
    at model.Query.exec (D:\cfp\ProjectNode2\Practice-ProjectNode2\node_modules\mongoose\lib\query.js:4498:21)
    at model.Query.Query.then (D:\cfp\ProjectNode2\Practice-ProjectNode2\node_modules\mongoose\lib\query.js:4592:15)
    at processTicksAndRejections (node:internal/process/task_queues:95:5) 
    url - /api/v1/users 
    method - PUT 
    IP - ::1
   {"timestamp":"2023-09-26T08:49:29.361Z"}
error: 
    status - 500 
    message - CastError: Cast to ObjectId failed for value "{ _id: '_id=651152a25dcdc226d4d8febc' }" (type Object) at path "_id" for model "User"
    at model.Query.exec (D:\cfp\ProjectNode2\Practice-ProjectNode2\node_modules\mongoose\lib\query.js:4498:21)
    at model.Query.Query.then (D:\cfp\ProjectNode2\Practice-ProjectNode2\node_modules\mongoose\lib\query.js:4592:15)
    at processTicksAndRejections (node:internal/process/task_queues:95:5) 
    url - /api/v1/users/_id=651152a25dcdc226d4d8febc 
    method - PUT 
    IP - ::1
   {"timestamp":"2023-09-26T09:10:06.595Z"}
