info: ::1 - - [25/Sep/2023:06:33:57 +0000] "GET /api/v1/ HTTP/1.1" 200 9 "-" "PostmanRuntime/7.32.3"

info: ::1 - - [25/Sep/2023:06:36:09 +0000] "GET /api/v1/abc HTTP/1.1" 404 47 "-" "PostmanRuntime/7.32.3"

info: ::1 - - [25/Sep/2023:06:41:26 +0000] "GET /api/v1/abc HTTP/1.1" 200 9 "-" "PostmanRuntime/7.32.3"

info: ::1 - - [25/Sep/2023:07:46:57 +0000] "GET /api/v1/abc HTTP/1.1" 200 9 "-" "PostmanRuntime/7.32.3"

info: ::1 - - [25/Sep/2023:07:49:32 +0000] "GET /api/v1/users HTTP/1.1" 200 65 "-" "PostmanRuntime/7.32.3"

info: ::1 - - [25/Sep/2023:07:50:39 +0000] "POST /api/v1/users HTTP/1.1" 500 55 "-" "PostmanRuntime/7.32.3"

info: ::1 - - [25/Sep/2023:07:52:19 +0000] "POST /api/v1/users HTTP/1.1" 201 196 "-" "PostmanRuntime/7.32.3"

info: ::1 - - [25/Sep/2023:07:52:35 +0000] "GET /api/v1/users HTTP/1.1" 200 203 "-" "PostmanRuntime/7.32.3"

info: ::1 - - [25/Sep/2023:09:28:02 +0000] "POST /api/v1/users HTTP/1.1" 201 196 "-" "PostmanRuntime/7.32.3"

info: ::1 - - [25/Sep/2023:09:28:28 +0000] "POST /api/v1/users HTTP/1.1" 201 198 "-" "PostmanRuntime/7.32.3"

info: ::1 - - [25/Sep/2023:11:09:16 +0000] "POST /api/v1/users HTTP/1.1" 201 198 "-" "PostmanRuntime/7.32.3"

info: ::1 - - [25/Sep/2023:11:09:46 +0000] "GET /api/v1/abc HTTP/1.1" 200 9 "-" "PostmanRuntime/7.32.3"

info: ::1 - - [25/Sep/2023:11:09:54 +0000] "GET /api/v1/users HTTP/1.1" 200 344 "-" "PostmanRuntime/7.32.3"

info: ::1 - - [25/Sep/2023:11:14:51 +0000] "POST /api/v1/users HTTP/1.1" 500 85 "-" "PostmanRuntime/7.32.3"

info: ::1 - - [25/Sep/2023:11:15:55 +0000] "POST /api/v1/users HTTP/1.1" 201 193 "-" "PostmanRuntime/7.32.3"

info: ::1 - - [25/Sep/2023:12:17:26 +0000] "GET /api/v1/abc HTTP/1.1" 200 9 "-" "PostmanRuntime/7.32.3"

info: ::1 - - [25/Sep/2023:12:18:21 +0000] "GET /api/v1/users HTTP/1.1" 200 480 "-" "PostmanRuntime/7.32.3"

info: ::1 - - [25/Sep/2023:12:54:24 +0000] "POST /api/v1/users HTTP/1.1" 500 62 "-" "PostmanRuntime/7.32.3"

info: ::1 - - [25/Sep/2023:12:57:10 +0000] "POST /api/v1/users HTTP/1.1" 500 62 "-" "PostmanRuntime/7.32.3"

info: ::1 - - [25/Sep/2023:12:58:42 +0000] "POST /api/v1/users HTTP/1.1" 201 213 "-" "PostmanRuntime/7.32.3"

error: uncaughtException: Router.use() requires a middleware function but got a Object
TypeError: Router.use() requires a middleware function but got a Object
    at Function.use (D:\cfp\ProjectNode2\Practice-ProjectNode2\node_modules\express\lib\router\index.js:469:13)
    at routes (D:\cfp\ProjectNode2\Practice-ProjectNode2\src\routes\/index.js:14:10)
    at Object.<anonymous> (D:\cfp\ProjectNode2\Practice-ProjectNode2\src\/index.js:32:38)
    at Module._compile (node:internal/modules/cjs/loader:1256:14)
    at Module._compile (D:\cfp\ProjectNode2\Practice-ProjectNode2\node_modules\pirates\lib\index.js:117:24)
    at Module._extensions..js (node:internal/modules/cjs/loader:1310:10)
    at Object.newLoader [as .js] (D:\cfp\ProjectNode2\Practice-ProjectNode2\node_modules\pirates\lib\index.js:121:7)
    at Module.load (node:internal/modules/cjs/loader:1119:32)
    at Function.Module._load (node:internal/modules/cjs/loader:960:12)
    at Function.runMain (node:internal/modules/run_main:81:12)
    at Object.<anonymous> (D:\cfp\ProjectNode2\Practice-ProjectNode2\node_modules\@babel\node\src\_babel-node.ts:222:12)
    at Module._compile (node:internal/modules/cjs/loader:1256:14)
    at Object.Module._extensions..js (node:internal/modules/cjs/loader:1310:10)
    at Module.load (node:internal/modules/cjs/loader:1119:32)
    at Function.Module._load (node:internal/modules/cjs/loader:960:12)
    at Function.executeUserEntryPoint [as runMain] (node:internal/modules/run_main:81:12)
    at node:internal/main/run_main_module:23:47 {"date":"Tue Sep 26 2023 11:19:03 GMT+0530 (India Standard Time)","error":{},"exception":true,"os":{"loadavg":[0,0,0],"uptime":145902.859},"process":{"argv":["node","D:\\cfp\\ProjectNode2\\Practice-ProjectNode2\\src\\index.js"],"cwd":"D:\\cfp\\ProjectNode2\\Practice-ProjectNode2","execPath":"C:\\Program Files\\nodejs\\node.exe","gid":null,"memoryUsage":{"arrayBuffers":18760811,"external":20278799,"heapTotal":93609984,"heapUsed":54146312,"rss":131104768},"pid":13236,"uid":null,"version":"v18.16.1"},"stack":"TypeError: Router.use() requires a middleware function but got a Object\n    at Function.use (D:\\cfp\\ProjectNode2\\Practice-ProjectNode2\\node_modules\\express\\lib\\router\\index.js:469:13)\n    at routes (D:\\cfp\\ProjectNode2\\Practice-ProjectNode2\\src\\routes\\/index.js:14:10)\n    at Object.<anonymous> (D:\\cfp\\ProjectNode2\\Practice-ProjectNode2\\src\\/index.js:32:38)\n    at Module._compile (node:internal/modules/cjs/loader:1256:14)\n    at Module._compile (D:\\cfp\\ProjectNode2\\Practice-ProjectNode2\\node_modules\\pirates\\lib\\index.js:117:24)\n    at Module._extensions..js (node:internal/modules/cjs/loader:1310:10)\n    at Object.newLoader [as .js] (D:\\cfp\\ProjectNode2\\Practice-ProjectNode2\\node_modules\\pirates\\lib\\index.js:121:7)\n    at Module.load (node:internal/modules/cjs/loader:1119:32)\n    at Function.Module._load (node:internal/modules/cjs/loader:960:12)\n    at Function.runMain (node:internal/modules/run_main:81:12)\n    at Object.<anonymous> (D:\\cfp\\ProjectNode2\\Practice-ProjectNode2\\node_modules\\@babel\\node\\src\\_babel-node.ts:222:12)\n    at Module._compile (node:internal/modules/cjs/loader:1256:14)\n    at Object.Module._extensions..js (node:internal/modules/cjs/loader:1310:10)\n    at Module.load (node:internal/modules/cjs/loader:1119:32)\n    at Function.Module._load (node:internal/modules/cjs/loader:960:12)\n    at Function.executeUserEntryPoint [as runMain] (node:internal/modules/run_main:81:12)\n    at node:internal/main/run_main_module:23:47","trace":[{"column":13,"file":"D:\\cfp\\ProjectNode2\\Practice-ProjectNode2\\node_modules\\express\\lib\\router\\index.js","function":"Function.use","line":469,"method":"use","native":false},{"column":10,"file":"D:\\cfp\\ProjectNode2\\Practice-ProjectNode2\\src\\routes\\/index.js","function":"routes","line":14,"method":null,"native":false},{"column":38,"file":"D:\\cfp\\ProjectNode2\\Practice-ProjectNode2\\src\\/index.js","function":null,"line":32,"method":null,"native":false},{"column":14,"file":"node:internal/modules/cjs/loader","function":"Module._compile","line":1256,"method":"_compile","native":false},{"column":24,"file":"D:\\cfp\\ProjectNode2\\Practice-ProjectNode2\\node_modules\\pirates\\lib\\index.js","function":"Module._compile","line":117,"method":"_compile","native":false},{"column":10,"file":"node:internal/modules/cjs/loader","function":"Module._extensions..js","line":1310,"method":".js","native":false},{"column":7,"file":"D:\\cfp\\ProjectNode2\\Practice-ProjectNode2\\node_modules\\pirates\\lib\\index.js","function":"Object.newLoader [as .js]","line":121,"method":"js]","native":false},{"column":32,"file":"node:internal/modules/cjs/loader","function":"Module.load","line":1119,"method":"load","native":false},{"column":12,"file":"node:internal/modules/cjs/loader","function":"Module._load","line":960,"method":"_load","native":false},{"column":12,"file":"node:internal/modules/run_main","function":"Function.runMain","line":81,"method":"runMain","native":false},{"column":12,"file":"D:\\cfp\\ProjectNode2\\Practice-ProjectNode2\\node_modules\\@babel\\node\\src\\_babel-node.ts","function":null,"line":222,"method":null,"native":false},{"column":14,"file":"node:internal/modules/cjs/loader","function":"Module._compile","line":1256,"method":"_compile","native":false},{"column":10,"file":"node:internal/modules/cjs/loader","function":"Module._extensions..js","line":1310,"method":".js","native":false},{"column":32,"file":"node:internal/modules/cjs/loader","function":"Module.load","line":1119,"method":"load","native":false},{"column":12,"file":"node:internal/modules/cjs/loader","function":"Module._load","line":960,"method":"_load","native":false},{"column":12,"file":"node:internal/modules/run_main","function":"Function.executeUserEntryPoint [as runMain]","line":81,"method":"executeUserEntryPoint [as runMain]","native":false},{"column":47,"file":"node:internal/main/run_main_module","function":null,"line":23,"method":null,"native":false}]}
error: uncaughtException: Router.use() requires a middleware function but got a Object
TypeError: Router.use() requires a middleware function but got a Object
    at Function.use (D:\cfp\ProjectNode2\Practice-ProjectNode2\node_modules\express\lib\router\index.js:469:13)
    at routes (D:\cfp\ProjectNode2\Practice-ProjectNode2\src\routes\/index.js:14:10)
    at Object.<anonymous> (D:\cfp\ProjectNode2\Practice-ProjectNode2\src\/index.js:32:38)
    at Module._compile (node:internal/modules/cjs/loader:1256:14)
    at Module._compile (D:\cfp\ProjectNode2\Practice-ProjectNode2\node_modules\pirates\lib\index.js:117:24)
    at Module._extensions..js (node:internal/modules/cjs/loader:1310:10)
    at Object.newLoader [as .js] (D:\cfp\ProjectNode2\Practice-ProjectNode2\node_modules\pirates\lib\index.js:121:7)
    at Module.load (node:internal/modules/cjs/loader:1119:32)
    at Function.Module._load (node:internal/modules/cjs/loader:960:12)
    at Function.runMain (node:internal/modules/run_main:81:12)
    at Object.<anonymous> (D:\cfp\ProjectNode2\Practice-ProjectNode2\node_modules\@babel\node\src\_babel-node.ts:222:12)
    at Module._compile (node:internal/modules/cjs/loader:1256:14)
    at Object.Module._extensions..js (node:internal/modules/cjs/loader:1310:10)
    at Module.load (node:internal/modules/cjs/loader:1119:32)
    at Function.Module._load (node:internal/modules/cjs/loader:960:12)
    at Function.executeUserEntryPoint [as runMain] (node:internal/modules/run_main:81:12)
    at node:internal/main/run_main_module:23:47 {"date":"Tue Sep 26 2023 11:21:17 GMT+0530 (India Standard Time)","error":{},"exception":true,"os":{"loadavg":[0,0,0],"uptime":146036.578},"process":{"argv":["node","D:\\cfp\\ProjectNode2\\Practice-ProjectNode2\\src\\index.js"],"cwd":"D:\\cfp\\ProjectNode2\\Practice-ProjectNode2","execPath":"C:\\Program Files\\nodejs\\node.exe","gid":null,"memoryUsage":{"arrayBuffers":18860208,"external":20378196,"heapTotal":93085696,"heapUsed":53138600,"rss":131039232},"pid":9012,"uid":null,"version":"v18.16.1"},"stack":"TypeError: Router.use() requires a middleware function but got a Object\n    at Function.use (D:\\cfp\\ProjectNode2\\Practice-ProjectNode2\\node_modules\\express\\lib\\router\\index.js:469:13)\n    at routes (D:\\cfp\\ProjectNode2\\Practice-ProjectNode2\\src\\routes\\/index.js:14:10)\n    at Object.<anonymous> (D:\\cfp\\ProjectNode2\\Practice-ProjectNode2\\src\\/index.js:32:38)\n    at Module._compile (node:internal/modules/cjs/loader:1256:14)\n    at Module._compile (D:\\cfp\\ProjectNode2\\Practice-ProjectNode2\\node_modules\\pirates\\lib\\index.js:117:24)\n    at Module._extensions..js (node:internal/modules/cjs/loader:1310:10)\n    at Object.newLoader [as .js] (D:\\cfp\\ProjectNode2\\Practice-ProjectNode2\\node_modules\\pirates\\lib\\index.js:121:7)\n    at Module.load (node:internal/modules/cjs/loader:1119:32)\n    at Function.Module._load (node:internal/modules/cjs/loader:960:12)\n    at Function.runMain (node:internal/modules/run_main:81:12)\n    at Object.<anonymous> (D:\\cfp\\ProjectNode2\\Practice-ProjectNode2\\node_modules\\@babel\\node\\src\\_babel-node.ts:222:12)\n    at Module._compile (node:internal/modules/cjs/loader:1256:14)\n    at Object.Module._extensions..js (node:internal/modules/cjs/loader:1310:10)\n    at Module.load (node:internal/modules/cjs/loader:1119:32)\n    at Function.Module._load (node:internal/modules/cjs/loader:960:12)\n    at Function.executeUserEntryPoint [as runMain] (node:internal/modules/run_main:81:12)\n    at node:internal/main/run_main_module:23:47","trace":[{"column":13,"file":"D:\\cfp\\ProjectNode2\\Practice-ProjectNode2\\node_modules\\express\\lib\\router\\index.js","function":"Function.use","line":469,"method":"use","native":false},{"column":10,"file":"D:\\cfp\\ProjectNode2\\Practice-ProjectNode2\\src\\routes\\/index.js","function":"routes","line":14,"method":null,"native":false},{"column":38,"file":"D:\\cfp\\ProjectNode2\\Practice-ProjectNode2\\src\\/index.js","function":null,"line":32,"method":null,"native":false},{"column":14,"file":"node:internal/modules/cjs/loader","function":"Module._compile","line":1256,"method":"_compile","native":false},{"column":24,"file":"D:\\cfp\\ProjectNode2\\Practice-ProjectNode2\\node_modules\\pirates\\lib\\index.js","function":"Module._compile","line":117,"method":"_compile","native":false},{"column":10,"file":"node:internal/modules/cjs/loader","function":"Module._extensions..js","line":1310,"method":".js","native":false},{"column":7,"file":"D:\\cfp\\ProjectNode2\\Practice-ProjectNode2\\node_modules\\pirates\\lib\\index.js","function":"Object.newLoader [as .js]","line":121,"method":"js]","native":false},{"column":32,"file":"node:internal/modules/cjs/loader","function":"Module.load","line":1119,"method":"load","native":false},{"column":12,"file":"node:internal/modules/cjs/loader","function":"Module._load","line":960,"method":"_load","native":false},{"column":12,"file":"node:internal/modules/run_main","function":"Function.runMain","line":81,"method":"runMain","native":false},{"column":12,"file":"D:\\cfp\\ProjectNode2\\Practice-ProjectNode2\\node_modules\\@babel\\node\\src\\_babel-node.ts","function":null,"line":222,"method":null,"native":false},{"column":14,"file":"node:internal/modules/cjs/loader","function":"Module._compile","line":1256,"method":"_compile","native":false},{"column":10,"file":"node:internal/modules/cjs/loader","function":"Module._extensions..js","line":1310,"method":".js","native":false},{"column":32,"file":"node:internal/modules/cjs/loader","function":"Module.load","line":1119,"method":"load","native":false},{"column":12,"file":"node:internal/modules/cjs/loader","function":"Module._load","line":960,"method":"_load","native":false},{"column":12,"file":"node:internal/modules/run_main","function":"Function.executeUserEntryPoint [as runMain]","line":81,"method":"executeUserEntryPoint [as runMain]","native":false},{"column":47,"file":"node:internal/main/run_main_module","function":null,"line":23,"method":null,"native":false}]}
info: ::1 - - [26/Sep/2023:05:53:22 +0000] "GET /api/v1/users HTTP/1.1" 200 636 "-" "PostmanRuntime/7.33.0"

info: ::1 - - [26/Sep/2023:05:54:49 +0000] "GET /api/v1/users/getall HTTP/1.1" 200 636 "-" "PostmanRuntime/7.33.0"

info: ::1 - - [26/Sep/2023:05:59:53 +0000] "POST /api/v1/users HTTP/1.1" 404 47 "-" "PostmanRuntime/7.33.0"

info: ::1 - - [26/Sep/2023:06:02:55 +0000] "GET /api/v1/users/getall HTTP/1.1" 200 636 "-" "PostmanRuntime/7.33.0"

info: ::1 - - [26/Sep/2023:06:03:39 +0000] "POST /api/v1/users HTTP/1.1" 500 85 "-" "PostmanRuntime/7.33.0"

info: ::1 - - [26/Sep/2023:06:03:53 +0000] "POST /api/v1/users HTTP/1.1" 201 212 "-" "PostmanRuntime/7.33.0"

info: ::1 - - [26/Sep/2023:06:23:00 +0000] "GET /api/v1/users HTTP/1.1" 404 47 "-" "PostmanRuntime/7.33.0"

info: ::1 - - [26/Sep/2023:06:23:14 +0000] "GET /api/v1/users/getall HTTP/1.1" 200 791 "-" "PostmanRuntime/7.33.0"

info: ::1 - - [26/Sep/2023:08:34:39 +0000] "GET /api/v1/users/getall HTTP/1.1" 404 47 "-" "PostmanRuntime/7.33.0"

info: ::1 - - [26/Sep/2023:08:34:53 +0000] "GET /api/v1/users/getall HTTP/1.1" 404 47 "-" "PostmanRuntime/7.33.0"

info: ::1 - - [26/Sep/2023:08:36:04 +0000] "GET /api/v1/users HTTP/1.1" 200 791 "-" "PostmanRuntime/7.33.0"

info: ::1 - - [26/Sep/2023:08:39:45 +0000] "PUT /api/v1/users HTTP/1.1" 404 47 "-" "PostmanRuntime/7.33.0"

info: ::1 - - [26/Sep/2023:08:40:53 +0000] "PUT /api/v1/users/id HTTP/1.1" 500 140 "-" "PostmanRuntime/7.33.0"

info: ::1 - - [26/Sep/2023:08:41:45 +0000] "PUT /api/v1/users HTTP/1.1" 404 47 "-" "PostmanRuntime/7.33.0"

info: ::1 - - [26/Sep/2023:08:42:14 +0000] "PUT /api/v1/users//:_id HTTP/1.1" 500 137 "-" "PostmanRuntime/7.33.0"

info: ::1 - - [26/Sep/2023:08:42:34 +0000] "PUT /api/v1/users/:_id HTTP/1.1" 500 137 "-" "PostmanRuntime/7.33.0"

info: ::1 - - [26/Sep/2023:08:43:29 +0000] "PUT /api/v1/users/update HTTP/1.1" 404 47 "-" "PostmanRuntime/7.33.0"

info: ::1 - - [26/Sep/2023:08:45:38 +0000] "PUT /api/v1/users/_id:%20%22651152a25dcdc226d4d8febc%22 HTTP/1.1" 500 166 "-" "PostmanRuntime/7.33.0"

info: ::1 - - [26/Sep/2023:08:48:10 +0000] "GET /api/v1/users HTTP/1.1" 200 791 "-" "PostmanRuntime/7.33.0"

info: ::1 - - [26/Sep/2023:08:48:28 +0000] "PUT /api/v1/users HTTP/1.1" 404 47 "-" "PostmanRuntime/7.33.0"

info: ::1 - - [26/Sep/2023:08:49:29 +0000] "PUT /api/v1/users HTTP/1.1" 500 140 "-" "PostmanRuntime/7.33.0"

info: ::1 - - [26/Sep/2023:08:54:50 +0000] "PUT /api/v1/users/651152a25dcdc226d4d8febc HTTP/1.1" 202 193 "-" "PostmanRuntime/7.33.0"

info: ::1 - - [26/Sep/2023:08:55:38 +0000] "PUT /api/v1/users/651152a25dcdc226d4d8febc HTTP/1.1" 202 196 "-" "PostmanRuntime/7.33.0"

info: ::1 - - [26/Sep/2023:09:02:14 +0000] "PUT /api/v1/users/?_id=651152a25dcdc226d4d8febc HTTP/1.1" 404 47 "-" "PostmanRuntime/7.33.0"

info: ::1 - - [26/Sep/2023:09:02:38 +0000] "PUT /api/v1/users?_id=651152a25dcdc226d4d8febc HTTP/1.1" 404 47 "-" "PostmanRuntime/7.33.0"

info: ::1 - - [26/Sep/2023:09:03:44 +0000] "PUT /api/v1/users/?_id=651152a25dcdc226d4d8febc HTTP/1.1" 404 47 "-" "PostmanRuntime/7.33.0"

info: ::1 - - [26/Sep/2023:09:04:02 +0000] "PUT /api/v1/users/?651152a25dcdc226d4d8febc=_id HTTP/1.1" 404 47 "-" "PostmanRuntime/7.33.0"

info: ::1 - - [26/Sep/2023:09:04:23 +0000] "PUT /api/v1/users/?id=651152a25dcdc226d4d8febc HTTP/1.1" 404 47 "-" "PostmanRuntime/7.33.0"

info: ::1 - - [26/Sep/2023:09:06:22 +0000] "PUT /api/v1/users/651152a25dcdc226d4d8febc HTTP/1.1" 202 193 "-" "PostmanRuntime/7.33.0"

info: ::1 - - [26/Sep/2023:09:08:34 +0000] "PUT /api/v1/users?=651152a25dcdc226d4d8febc HTTP/1.1" 404 47 "-" "PostmanRuntime/7.33.0"

info: ::1 - - [26/Sep/2023:09:09:01 +0000] "PUT /api/v1/users/?=651152a25dcdc226d4d8febc HTTP/1.1" 404 47 "-" "PostmanRuntime/7.33.0"

info: ::1 - - [26/Sep/2023:09:09:49 +0000] "PUT /api/v1/users?_id=651152a25dcdc226d4d8febc HTTP/1.1" 404 47 "-" "PostmanRuntime/7.33.0"

info: ::1 - - [26/Sep/2023:09:10:06 +0000] "PUT /api/v1/users/_id=651152a25dcdc226d4d8febc HTTP/1.1" 500 161 "-" "PostmanRuntime/7.33.0"

info: ::1 - - [26/Sep/2023:09:10:23 +0000] "PUT /api/v1/users/651152a25dcdc226d4d8febc HTTP/1.1" 202 193 "-" "PostmanRuntime/7.33.0"

info: ::1 - - [26/Sep/2023:09:15:57 +0000] "PUT /api/v1/users?_id=651152a25dcdc226d4d8febc HTTP/1.1" 404 47 "-" "PostmanRuntime/7.33.0"

info: ::1 - - [26/Sep/2023:09:16:18 +0000] "PUT /api/v1/users?id=651152a25dcdc226d4d8febc HTTP/1.1" 404 47 "-" "PostmanRuntime/7.33.0"

info: ::1 - - [26/Sep/2023:09:17:11 +0000] "PUT /api/v1/users/651152a25dcdc226d4d8febc HTTP/1.1" 202 196 "-" "PostmanRuntime/7.33.0"

info: ::1 - - [26/Sep/2023:10:22:16 +0000] "GET /api/v1/users HTTP/1.1" 200 791 "-" "PostmanRuntime/7.33.0"

info: ::1 - - [26/Sep/2023:10:23:24 +0000] "DELETE /api/v1/users/651184020b4e4016dc49647d HTTP/1.1" 200 60 "-" "PostmanRuntime/7.33.0"

info: ::1 - - [26/Sep/2023:10:24:15 +0000] "GET /api/v1/users HTTP/1.1" 200 635 "-" "PostmanRuntime/7.33.0"

info: ::1 - - [26/Sep/2023:11:15:22 +0000] "POST /api/v1/users HTTP/1.1" 201 212 "-" "PostmanRuntime/7.33.0"

info: ::1 - - [26/Sep/2023:11:45:47 +0000] "GET /api/v1/users HTTP/1.1" 200 790 "-" "PostmanRuntime/7.33.0"

info: ::1 - - [26/Sep/2023:11:46:52 +0000] "PUT /api/v1/users/6512bd4a12db5844cc3804ca HTTP/1.1" 202 215 "-" "PostmanRuntime/7.33.0"

info: ::1 - - [26/Sep/2023:11:52:49 +0000] "DELETE /api/v1/users/6512bd4a12db5844cc3804ca HTTP/1.1" 200 60 "-" "PostmanRuntime/7.33.0"

info: ::1 - - [26/Sep/2023:11:52:59 +0000] "GET /api/v1/users HTTP/1.1" 200 635 "-" "PostmanRuntime/7.33.0"

info: ::1 - - [26/Sep/2023:11:59:23 +0000] "POST /api/v1/users HTTP/1.1" 201 221 "-" "PostmanRuntime/7.33.0"

info: ::1 - - [26/Sep/2023:12:18:56 +0000] "GET /api/v1/users HTTP/1.1" 200 793 "-" "PostmanRuntime/7.33.0"

